app/build/outputs/logs/manifest-merger-debug-report.txt
-- Merging decision tree log ---
manifest
ADDED from AndroidManifest.xml:2:1
	xmlns:android
		ADDED from AndroidManifest.xml:2:11
	package
		ADDED from AndroidManifest.xml:3:4
		INJECTED from AndroidManifest.xml:0:0
		INJECTED from AndroidManifest.xml:0:0
	android:versionName
		ADDED from AndroidManifest.xml:5:4
	android:versionCode
		ADDED from AndroidManifest.xml:4:4
		INJECTED from AndroidManifest.xml:0:0
		INJECTED from AndroidManifest.xml:0:0
uses-sdk
ADDED from AndroidManifest.xml:7:4
MERGED from com.example.library:sdk-release::7:5
	android:targetSdkVersion
		ADDED from AndroidManifest.xml:9:7
		INJECTED from AndroidManifest.xml:0:0
		INJECTED from AndroidManifest.xml:0:0
	android:minSdkVersion
		ADDED from AndroidManifest.xml:8:7
		INJECTED from AndroidManifest.xml:0:0
		INJECTED from AndroidManifest.xml:0:0
uses-permission#android.permission.INTERNET
ADDED from AndroidManifest.xml:11:4
MERGED from com.example.library:sdk-release::11:5
	android:name
		ADDED from AndroidManifest.xml:11:21
uses-permission#android.permission.ACCESS_NETWORK_STATE
ADDED from AndroidManifest.xml:12:4
MERGED from com.example.library:sdk-release::12:5
	android:name
		ADDED from AndroidManifest.xml:12:21
uses-permission#android.permission.CAMERA
ADDED from AndroidManifest.xml:13:4
MERGED from com.example.library:sdk-release::13:5
	android:name
		ADDED from AndroidManifest.xml:13:21
uses-permission#android.permission.MODIFY_AUDIO_SETTINGS
ADDED from AndroidManifest.xml:14:4
MERGED from com.example.library:sdk-release::14:5
	android:name
		ADDED from AndroidManifest.xml:14:21
uses-permission#android.permission.RECORD_AUDIO
ADDED from AndroidManifest.xml:15:4
MERGED from com.example.library:sdk-release::15:5
	android:name
		ADDED from AndroidManifest.xml:15:21
uses-permission#android.permission.FLASHLIGHT
ADDED from AndroidManifest.xml:16:4
MERGED from com.example.library:sdk-release::16:5
	android:name
		ADDED from AndroidManifest.xml:16:21
uses-permission#android.permission.WRITE_EXTERNAL_STORAGE
ADDED from AndroidManifest.xml:17:4
MERGED from com.example.library:sdk-release::17:5
	android:name
		ADDED from AndroidManifest.xml:17:21
uses-permission#android.permission.READ_SMS
ADDED from AndroidManifest.xml:18:4
MERGED from com.example.library:sdk-release::18:5
	android:name
		ADDED from AndroidManifest.xml:18:21
uses-feature#android.hardware.telephony
ADDED from AndroidManifest.xml:20:4
MERGED from com.example.library:sdk-release::24:5
	android:required
		ADDED from AndroidManifest.xml:22:7
	android:name
		ADDED from AndroidManifest.xml:21:7
uses-feature#android.hardware.camera.flash
ADDED from AndroidManifest.xml:23:4
MERGED from com.example.library:sdk-release::27:5
	android:required
		ADDED from AndroidManifest.xml:25:7
	android:name
		ADDED from AndroidManifest.xml:24:7
uses-feature#android.hardware.camera
ADDED from AndroidManifest.xml:26:4
MERGED from com.example.library:sdk-release::30:5
	android:required
		ADDED from AndroidManifest.xml:28:7
	android:name
		ADDED from AndroidManifest.xml:27:7
uses-feature#android.hardware.camera.autofocus
ADDED from AndroidManifest.xml:29:4
MERGED from com.example.library:sdk-release::33:5
	android:required
		ADDED from AndroidManifest.xml:31:7
	android:name
		ADDED from AndroidManifest.xml:30:7
application
ADDED from AndroidManifest.xml:33:4
MERGED from com.example.library:sdk-release::37:5
	android:label
		ADDED from AndroidManifest.xml:36:7
	android:allowBackup
		ADDED from AndroidManifest.xml:34:7
	android:icon
		ADDED from AndroidManifest.xml:35:7
	android:theme
		ADDED from AndroidManifest.xml:38:7
	android:largeHeap
		ADDED from AndroidManifest.xml:37:7
activity#de.idnow.sampleproject.MainActivity
ADDED from AndroidManifest.xml:39:7
	android:screenOrientation
		ADDED from AndroidManifest.xml:42:10
	android:label
		ADDED from AndroidManifest.xml:41:10
	android:name
		ADDED from AndroidManifest.xml:40:10
intent-filter#android.intent.action.MAIN+android.intent.category.LAUNCHER
ADDED from AndroidManifest.xml:43:10
action#android.intent.action.MAIN
ADDED from AndroidManifest.xml:44:13
	android:name
		ADDED from AndroidManifest.xml:44:21
category#android.intent.category.LAUNCHER
ADDED from AndroidManifest.xml:46:13
	android:name
		ADDED from AndroidManifest.xml:46:23
activity#de.idnow.sdk.Activities_VideoLiveStreamActivity
ADDED from AndroidManifest.xml:49:7
MERGED from com.example.library:sdk-release::43:9
	android:windowSoftInputMode
		ADDED from AndroidManifest.xml:54:10
	android:screenOrientation
		ADDED from AndroidManifest.xml:53:10
	android:label
		ADDED from AndroidManifest.xml:52:10
	android:exported
		ADDED from AndroidManifest.xml:51:10
	android:name
		ADDED from AndroidManifest.xml:50:10
activity#de.idnow.sdk.Activities_ResultActivity
ADDED from AndroidManifest.xml:55:7
MERGED from com.example.library:sdk-release::49:9
	android:screenOrientation
		ADDED from AndroidManifest.xml:58:10
	android:label
		ADDED from AndroidManifest.xml:57:10
	android:name
		ADDED from AndroidManifest.xml:56:10
activity#de.idnow.sdk.Activities_VideoOverviewCheckActivity
ADDED from AndroidManifest.xml:59:7
MERGED from com.example.library:sdk-release::53:9
	android:windowSoftInputMode
		ADDED from AndroidManifest.xml:63:10
	android:screenOrientation
		ADDED from AndroidManifest.xml:62:10
	android:label
		ADDED from AndroidManifest.xml:61:10
	android:name
		ADDED from AndroidManifest.xml:60:10
activity#de.idnow.sdk.Activities_HelpDataActivity
ADDED from AndroidManifest.xml:64:7
MERGED from com.example.library:sdk-release::58:9
	android:screenOrientation
		ADDED from AndroidManifest.xml:67:10
	android:label
		ADDED from AndroidManifest.xml:66:10
	android:name
		ADDED from AndroidManifest.xml:65:10
activity#de.idnow.sdk.Activities_HelpIDActivity
ADDED from AndroidManifest.xml:68:7
MERGED from com.example.library:sdk-release::62:9
	android:screenOrientation
		ADDED from AndroidManifest.xml:71:10
	android:label
		ADDED from AndroidManifest.xml:70:10
	android:name
		ADDED from AndroidManifest.xml:69:10
activity#de.idnow.sdk.BaseActivities_BaseActivity
ADDED from AndroidManifest.xml:73:7
MERGED from com.example.library:sdk-release::103:9
	android:label
		ADDED from com.example.library:sdk-release::105:13
	android:screenOrientation
		ADDED from AndroidManifest.xml:75:10
	android:name
		ADDED from AndroidManifest.xml:74:10
service#de.idnow.sdk.Util_KillNotificationService
ADDED from AndroidManifest.xml:77:7
MERGED from com.example.library:sdk-release::67:9
	android:name
		ADDED from AndroidManifest.xml:77:16
activity#de.idnow.sdk.Activities_PhotoCountrySelectionActivity
ADDED from AndroidManifest.xml:79:7
MERGED from com.example.library:sdk-release::69:9
	android:screenOrientation
		ADDED from AndroidManifest.xml:82:10
	android:label
		ADDED from AndroidManifest.xml:81:10
	android:name
		ADDED from AndroidManifest.xml:80:10
activity#de.idnow.sdk.Activities_PhotoDocumentSelectionActivity
ADDED from AndroidManifest.xml:83:7
MERGED from com.example.library:sdk-release::73:9
	android:screenOrientation
		ADDED from AndroidManifest.xml:86:10
	android:label
		ADDED from AndroidManifest.xml:85:10
	android:name
		ADDED from AndroidManifest.xml:84:10
activity#de.idnow.sdk.Activities_PhotoProcessOverviewActivity
ADDED from AndroidManifest.xml:87:7
MERGED from com.example.library:sdk-release::77:9
	android:screenOrientation
		ADDED from AndroidManifest.xml:90:10
	android:label
		ADDED from AndroidManifest.xml:89:10
	android:name
		ADDED from AndroidManifest.xml:88:10
activity#de.idnow.sdk.Activities_PhotoLiveActivity
ADDED from AndroidManifest.xml:91:7
MERGED from com.example.library:sdk-release::81:9
	android:screenOrientation
		ADDED from AndroidManifest.xml:95:10
	android:label
		ADDED from AndroidManifest.xml:94:10
	android:configChanges
		ADDED from AndroidManifest.xml:93:10
	android:name
		ADDED from AndroidManifest.xml:92:10
activity#de.idnow.sdk.Activities_PhotoCheckActivity
ADDED from AndroidManifest.xml:96:7
MERGED from com.example.library:sdk-release::86:9
	android:screenOrientation
		ADDED from AndroidManifest.xml:99:10
	android:label
		ADDED from AndroidManifest.xml:98:10
	android:name
		ADDED from AndroidManifest.xml:97:10
activity#de.idnow.sdk.Activities_PhotoUploadActivity
ADDED from AndroidManifest.xml:100:7
MERGED from com.example.library:sdk-release::90:9
	android:screenOrientation
		ADDED from AndroidManifest.xml:103:10
	android:label
		ADDED from AndroidManifest.xml:102:10
	android:name
		ADDED from AndroidManifest.xml:101:10
activity#de.idnow.sdk.Activities_LegalNoticesActivity
ADDED from AndroidManifest.xml:104:7
MERGED from com.example.library:sdk-release::94:9
	android:screenOrientation
		ADDED from AndroidManifest.xml:107:10
	android:label
		ADDED from AndroidManifest.xml:106:10
	android:name
		ADDED from AndroidManifest.xml:105:10
activity#de.idnow.sdk.Activities_EntryActivity
ADDED from AndroidManifest.xml:109:7
MERGED from com.example.library:sdk-release::98:9
	android:windowSoftInputMode
		ADDED from AndroidManifest.xml:113:10
	android:screenOrientation
		ADDED from AndroidManifest.xml:112:10
	android:label
		ADDED from AndroidManifest.xml:111:10
	android:name
		ADDED from AndroidManifest.xml:110:10
uses-permission#android.permission.BLUETOOTH
ADDED from com.example.library:sdk-release::21:5
	android:name
		ADDED from com.example.library:sdk-release::21:22
uses-permission#android.permission.BLUETOOTH_ADMIN
ADDED from com.example.library:sdk-release::22:5
	android:name
		ADDED from com.example.library:sdk-release::22:22